#
# There is insufficient memory for the Java Runtime Environment to continue.
# Native memory allocation (malloc) failed to allocate 285936 bytes for Chunk::new
# Possible reasons:
#   The system is out of physical RAM or swap space
#   The process is running with CompressedOops enabled, and the Java Heap may be blocking the growth of the native heap
# Possible solutions:
#   Reduce memory load on the system
#   Increase physical memory or swap space
#   Check if swap backing store is full
#   Decrease Java heap size (-Xmx/-Xms)
#   Decrease number of Java threads
#   Decrease Java thread stack sizes (-Xss)
#   Set larger code cache with -XX:ReservedCodeCacheSize=
#   JVM is running with Unscaled Compressed Oops mode in which the Java heap is
#     placed in the first 4GB address space. The Java Heap base address is the
#     maximum limit for the native heap growth. Please use -XX:HeapBaseMinAddress
#     to set the Java Heap base and to place the Java Heap above 4GB virtual address.
# This output file may be truncated or incomplete.
#
#  Out of Memory Error (t:/workspace/open/src/hotspot/share/memory/arena.cpp:197), pid=704, tid=6704
#
# JRE version: Java(TM) SE Runtime Environment (11.0.2+9) (build 11.0.2+9-LTS)
# Java VM: Java HotSpot(TM) 64-Bit Server VM (11.0.2+9-LTS, mixed mode, tiered, compressed oops, g1 gc, windows-amd64)
# No core dump will be written. Minidumps are not enabled by default on client versions of Windows
#

---------------  S U M M A R Y ------------

Command Line: -javaagent:D:\New folder\IntelliJ IDEA Community Edition 2018.3.5\lib\idea_rt.jar=50075:D:\New folder\IntelliJ IDEA Community Edition 2018.3.5\bin -Dfile.encoding=UTF-8 Home

Host: Intel(R) Core(TM) i3-4005U CPU @ 1.70GHz, 4 cores, 3G,  Windows 10 , 64 bit Build 17134 (10.0.17134.753)
Time: Sun Jul 14 10:06:45 2019 GTB Daylight Time elapsed time: 2 seconds (0d 0h 0m 2s)

---------------  T H R E A D  ---------------

Current thread (0x0000021736f50000):  JavaThread "C2 CompilerThread0" daemon [_thread_in_native, id=6704, stack(0x000000dc9cc00000,0x000000dc9cd00000)]


Current CompileTask:
C2:   2797 1050   !   4       java.util.concurrent.ConcurrentHashMap::putVal (432 bytes)

Stack: [0x000000dc9cc00000,0x000000dc9cd00000]
Native frames: (J=compiled Java code, j=interpreted, Vv=VM code, C=native code)
V  [jvm.dll+0x63574a]
V  [jvm.dll+0x77326f]
V  [jvm.dll+0x77491a]
V  [jvm.dll+0x774fd3]
V  [jvm.dll+0x25e418]
V  [jvm.dll+0xc2141]
V  [jvm.dll+0xc26dc]
V  [jvm.dll+0x36d772]
V  [jvm.dll+0x33a8b3]
V  [jvm.dll+0x339c8a]
V  [jvm.dll+0x218245]
V  [jvm.dll+0x2173ea]
V  [jvm.dll+0x194200]
V  [jvm.dll+0x2263af]
V  [jvm.dll+0x2249b8]
V  [jvm.dll+0x738a9d]
V  [jvm.dll+0x6347f2]
C  [ucrtbase.dll+0x1e3fe]
C  [KERNEL32.DLL+0x14034]
C  [ntdll.dll+0x73691]


---------------  P R O C E S S  ---------------

Threads class SMR info:
_java_thread_list=0x0000021737c0ed90, length=11, elements={
0x000002171b190000, 0x0000021736ebe000, 0x0000021736ebf800, 0x0000021736f4d800,
0x0000021736f4e000, 0x0000021736f50000, 0x0000021736f54800, 0x00000217378aa800,
0x000002171b253000, 0x0000021737a97000, 0x0000021737c44000
}

Java Threads: ( => current thread )
  0x000002171b190000 JavaThread "main" [_thread_in_vm, id=1948, stack(0x000000dc9c100000,0x000000dc9c200000)]
  0x0000021736ebe000 JavaThread "Reference Handler" daemon [_thread_blocked, id=2772, stack(0x000000dc9c800000,0x000000dc9c900000)]
  0x0000021736ebf800 JavaThread "Finalizer" daemon [_thread_blocked, id=5556, stack(0x000000dc9c900000,0x000000dc9ca00000)]
  0x0000021736f4d800 JavaThread "Signal Dispatcher" daemon [_thread_blocked, id=1776, stack(0x000000dc9ca00000,0x000000dc9cb00000)]
  0x0000021736f4e000 JavaThread "Attach Listener" daemon [_thread_blocked, id=5260, stack(0x000000dc9cb00000,0x000000dc9cc00000)]
=>0x0000021736f50000 JavaThread "C2 CompilerThread0" daemon [_thread_in_native, id=6704, stack(0x000000dc9cc00000,0x000000dc9cd00000)]
  0x0000021736f54800 JavaThread "C1 CompilerThread0" daemon [_thread_blocked, id=3120, stack(0x000000dc9cd00000,0x000000dc9ce00000)]
  0x00000217378aa800 JavaThread "Sweeper thread" daemon [_thread_blocked, id=5212, stack(0x000000dc9ce00000,0x000000dc9cf00000)]
  0x000002171b253000 JavaThread "Common-Cleaner" daemon [_thread_blocked, id=2336, stack(0x000000dc9cf00000,0x000000dc9d000000)]
  0x0000021737a97000 JavaThread "Monitor Ctrl-Break" daemon [_thread_in_native, id=2432, stack(0x000000dc9d000000,0x000000dc9d100000)]
  0x0000021737c44000 JavaThread "Service Thread" daemon [_thread_blocked, id=1812, stack(0x000000dc9d100000,0x000000dc9d200000)]

Other Threads:
  0x0000021736ebb800 VMThread "VM Thread" [stack: 0x000000dc9c700000,0x000000dc9c800000] [id=5276]
  0x0000021737c47800 WatcherThread [stack: 0x000000dc9d200000,0x000000dc9d300000] [id=1772]
  0x000002171b1a6800 GCTaskThread "GC Thread#0" [stack: 0x000000dc9c200000,0x000000dc9c300000] [id=1528]
  0x0000021737c7f000 GCTaskThread "GC Thread#1" [stack: 0x000000dc9d300000,0x000000dc9d400000] [id=2392]
  0x000002171b1c2800 ConcurrentGCThread "G1 Home Marker" [stack: 0x000000dc9c300000,0x000000dc9c400000] [id=3256]
  0x000002171b1c5000 ConcurrentGCThread "G1 Conc#0" [stack: 0x000000dc9c400000,0x000000dc9c500000] [id=3736]
  0x000002171b226000 ConcurrentGCThread "G1 Refine#0" [stack: 0x000000dc9c500000,0x000000dc9c600000] [id=5428]
  0x000002171b227800 ConcurrentGCThread "G1 Young RemSet Sampling" [stack: 0x000000dc9c600000,0x000000dc9c700000] [id=2600]

Threads with active compile tasks:
C2 CompilerThread01050   !   4       java.util.concurrent.ConcurrentHashMap::putVal (432 bytes)

VM state:not at safepoint (normal execution)

VM Mutex/Monitor currently owned by a thread: None

Heap address: 0x00000000c1200000, size: 1006 MB, Compressed Oops mode: 32-bit
Narrow klass base: 0x0000000000000000, Narrow klass shift: 3
Compressed class space size: 1073741824 Address: 0x0000000100000000

Heap:
 garbage-first heap   total 65536K, used 10320K [0x00000000c1200000, 0x0000000100000000)
  region size 1024K, 11 young (11264K), 4 survivors (4096K)
 Metaspace       used 14820K, capacity 15042K, committed 15360K, reserved 1067008K
  class space    used 1617K, capacity 1694K, committed 1792K, reserved 1048576K
Heap Regions: E=young(eden), S=young(survivor), O=old, HS=humongous(starts), HC=humongous(continues), CS=collection set, F=free, A=archive, TAMS=top-at-mark-start (previous, next)
|   0|0x00000000c1200000, 0x00000000c1300000, 0x00000000c1300000|100%|HS|  |TAMS 0x00000000c1200000, 0x00000000c1200000| Complete 
|   1|0x00000000c1300000, 0x00000000c1300000, 0x00000000c1400000|  0%| F|  |TAMS 0x00000000c1300000, 0x00000000c1300000| Untracked 
|   2|0x00000000c1400000, 0x00000000c1400000, 0x00000000c1500000|  0%| F|  |TAMS 0x00000000c1400000, 0x00000000c1400000| Untracked 
|   3|0x00000000c1500000, 0x00000000c1500000, 0x00000000c1600000|  0%| F|  |TAMS 0x00000000c1500000, 0x00000000c1500000| Untracked 
|   4|0x00000000c1600000, 0x00000000c1600000, 0x00000000c1700000|  0%| F|  |TAMS 0x00000000c1600000, 0x00000000c1600000| Untracked 
|   5|0x00000000c1700000, 0x00000000c1700000, 0x00000000c1800000|  0%| F|  |TAMS 0x00000000c1700000, 0x00000000c1700000| Untracked 
|   6|0x00000000c1800000, 0x00000000c1800000, 0x00000000c1900000|  0%| F|  |TAMS 0x00000000c1800000, 0x00000000c1800000| Untracked 
|   7|0x00000000c1900000, 0x00000000c1900000, 0x00000000c1a00000|  0%| F|  |TAMS 0x00000000c1900000, 0x00000000c1900000| Untracked 
|   8|0x00000000c1a00000, 0x00000000c1a00000, 0x00000000c1b00000|  0%| F|  |TAMS 0x00000000c1a00000, 0x00000000c1a00000| Untracked 
|   9|0x00000000c1b00000, 0x00000000c1b00000, 0x00000000c1c00000|  0%| F|  |TAMS 0x00000000c1b00000, 0x00000000c1b00000| Untracked 
|  10|0x00000000c1c00000, 0x00000000c1c00000, 0x00000000c1d00000|  0%| F|  |TAMS 0x00000000c1c00000, 0x00000000c1c00000| Untracked 
|  11|0x00000000c1d00000, 0x00000000c1d00000, 0x00000000c1e00000|  0%| F|  |TAMS 0x00000000c1d00000, 0x00000000c1d00000| Untracked 
|  12|0x00000000c1e00000, 0x00000000c1e00000, 0x00000000c1f00000|  0%| F|  |TAMS 0x00000000c1e00000, 0x00000000c1e00000| Untracked 
|  13|0x00000000c1f00000, 0x00000000c1f00000, 0x00000000c2000000|  0%| F|  |TAMS 0x00000000c1f00000, 0x00000000c1f00000| Untracked 
|  14|0x00000000c2000000, 0x00000000c2000000, 0x00000000c2100000|  0%| F|  |TAMS 0x00000000c2000000, 0x00000000c2000000| Untracked 
|  15|0x00000000c2100000, 0x00000000c2100000, 0x00000000c2200000|  0%| F|  |TAMS 0x00000000c2100000, 0x00000000c2100000| Untracked 
|  16|0x00000000c2200000, 0x00000000c2200000, 0x00000000c2300000|  0%| F|  |TAMS 0x00000000c2200000, 0x00000000c2200000| Untracked 
|  17|0x00000000c2300000, 0x00000000c2300000, 0x00000000c2400000|  0%| F|  |TAMS 0x00000000c2300000, 0x00000000c2300000| Untracked 
|  18|0x00000000c2400000, 0x00000000c2400000, 0x00000000c2500000|  0%| F|  |TAMS 0x00000000c2400000, 0x00000000c2400000| Untracked 
|  19|0x00000000c2500000, 0x00000000c2500000, 0x00000000c2600000|  0%| F|  |TAMS 0x00000000c2500000, 0x00000000c2500000| Untracked 
|  20|0x00000000c2600000, 0x00000000c2600000, 0x00000000c2700000|  0%| F|  |TAMS 0x00000000c2600000, 0x00000000c2600000| Untracked 
|  21|0x00000000c2700000, 0x00000000c2700000, 0x00000000c2800000|  0%| F|  |TAMS 0x00000000c2700000, 0x00000000c2700000| Untracked 
|  22|0x00000000c2800000, 0x00000000c2814028, 0x00000000c2900000|  7%| S|CS|TAMS 0x00000000c2800000, 0x00000000c2800000| Complete 
|  23|0x00000000c2900000, 0x00000000c2a00000, 0x00000000c2a00000|100%| S|CS|TAMS 0x00000000c2900000, 0x00000000c2900000| Complete 
|  24|0x00000000c2a00000, 0x00000000c2b00000, 0x00000000c2b00000|100%| S|CS|TAMS 0x00000000c2a00000, 0x00000000c2a00000| Complete 
|  25|0x00000000c2b00000, 0x00000000c2c00000, 0x00000000c2c00000|100%| S|CS|TAMS 0x00000000c2b00000, 0x00000000c2b00000| Complete 
|  26|0x00000000c2c00000, 0x00000000c2c00000, 0x00000000c2d00000|  0%| F|  |TAMS 0x00000000c2c00000, 0x00000000c2c00000| Untracked 
|  27|0x00000000c2d00000, 0x00000000c2d00000, 0x00000000c2e00000|  0%| F|  |TAMS 0x00000000c2d00000, 0x00000000c2d00000| Untracked 
|  28|0x00000000c2e00000, 0x00000000c2e00000, 0x00000000c2f00000|  0%| F|  |TAMS 0x00000000c2e00000, 0x00000000c2e00000| Untracked 
|  29|0x00000000c2f00000, 0x00000000c2f00000, 0x00000000c3000000|  0%| F|  |TAMS 0x00000000c2f00000, 0x00000000c2f00000| Untracked 
|  30|0x00000000c3000000, 0x00000000c3000000, 0x00000000c3100000|  0%| F|  |TAMS 0x00000000c3000000, 0x00000000c3000000| Untracked 
|  31|0x00000000c3100000, 0x00000000c3100000, 0x00000000c3200000|  0%| F|  |TAMS 0x00000000c3100000, 0x00000000c3100000| Untracked 
|  32|0x00000000c3200000, 0x00000000c3200000, 0x00000000c3300000|  0%| F|  |TAMS 0x00000000c3200000, 0x00000000c3200000| Untracked 
|  33|0x00000000c3300000, 0x00000000c3300000, 0x00000000c3400000|  0%| F|  |TAMS 0x00000000c3300000, 0x00000000c3300000| Untracked 
|  34|0x00000000c3400000, 0x00000000c3400000, 0x00000000c3500000|  0%| F|  |TAMS 0x00000000c3400000, 0x00000000c3400000| Untracked 
|  35|0x00000000c3500000, 0x00000000c3500000, 0x00000000c3600000|  0%| F|  |TAMS 0x00000000c3500000, 0x00000000c3500000| Untracked 
|  36|0x00000000c3600000, 0x00000000c3600000, 0x00000000c3700000|  0%| F|  |TAMS 0x00000000c3600000, 0x00000000c3600000| Untracked 
|  37|0x00000000c3700000, 0x00000000c3700000, 0x00000000c3800000|  0%| F|  |TAMS 0x00000000c3700000, 0x00000000c3700000| Untracked 
|  38|0x00000000c3800000, 0x00000000c3800000, 0x00000000c3900000|  0%| F|  |TAMS 0x00000000c3800000, 0x00000000c3800000| Untracked 
|  39|0x00000000c3900000, 0x00000000c3900000, 0x00000000c3a00000|  0%| F|  |TAMS 0x00000000c3900000, 0x00000000c3900000| Untracked 
|  40|0x00000000c3a00000, 0x00000000c3a00000, 0x00000000c3b00000|  0%| F|  |TAMS 0x00000000c3a00000, 0x00000000c3a00000| Untracked 
|  41|0x00000000c3b00000, 0x00000000c3b00000, 0x00000000c3c00000|  0%| F|  |TAMS 0x00000000c3b00000, 0x00000000c3b00000| Untracked 
|  42|0x00000000c3c00000, 0x00000000c3c00000, 0x00000000c3d00000|  0%| F|  |TAMS 0x00000000c3c00000, 0x00000000c3c00000| Untracked 
|  43|0x00000000c3d00000, 0x00000000c3d00000, 0x00000000c3e00000|  0%| F|  |TAMS 0x00000000c3d00000, 0x00000000c3d00000| Untracked 
|  44|0x00000000c3e00000, 0x00000000c3e00000, 0x00000000c3f00000|  0%| F|  |TAMS 0x00000000c3e00000, 0x00000000c3e00000| Untracked 
|  45|0x00000000c3f00000, 0x00000000c3f00000, 0x00000000c4000000|  0%| F|  |TAMS 0x00000000c3f00000, 0x00000000c3f00000| Untracked 
|  46|0x00000000c4000000, 0x00000000c4000000, 0x00000000c4100000|  0%| F|  |TAMS 0x00000000c4000000, 0x00000000c4000000| Untracked 
|  47|0x00000000c4100000, 0x00000000c4100000, 0x00000000c4200000|  0%| F|  |TAMS 0x00000000c4100000, 0x00000000c4100000| Untracked 
|  48|0x00000000c4200000, 0x00000000c4200000, 0x00000000c4300000|  0%| F|  |TAMS 0x00000000c4200000, 0x00000000c4200000| Untracked 
|  49|0x00000000c4300000, 0x00000000c4300000, 0x00000000c4400000|  0%| F|  |TAMS 0x00000000c4300000, 0x00000000c4300000| Untracked 
|  50|0x00000000c4400000, 0x00000000c4400000, 0x00000000c4500000|  0%| F|  |TAMS 0x00000000c4400000, 0x00000000c4400000| Untracked 
|  51|0x00000000c4500000, 0x00000000c4500000, 0x00000000c4600000|  0%| F|  |TAMS 0x00000000c4500000, 0x00000000c4500000| Untracked 
|  52|0x00000000c4600000, 0x00000000c4600000, 0x00000000c4700000|  0%| F|  |TAMS 0x00000000c4600000, 0x00000000c4600000| Untracked 
|  53|0x00000000c4700000, 0x00000000c4700000, 0x00000000c4800000|  0%| F|  |TAMS 0x00000000c4700000, 0x00000000c4700000| Untracked 
|  54|0x00000000c4800000, 0x00000000c4800000, 0x00000000c4900000|  0%| F|  |TAMS 0x00000000c4800000, 0x00000000c4800000| Untracked 
|  55|0x00000000c4900000, 0x00000000c4900000, 0x00000000c4a00000|  0%| F|  |TAMS 0x00000000c4900000, 0x00000000c4900000| Untracked 
|  56|0x00000000c4a00000, 0x00000000c4a00000, 0x00000000c4b00000|  0%| F|  |TAMS 0x00000000c4a00000, 0x00000000c4a00000| Untracked 
|  57|0x00000000c4b00000, 0x00000000c4c00000, 0x00000000c4c00000|100%| E|  |TAMS 0x00000000c4b00000, 0x00000000c4b00000| Complete 
|  58|0x00000000c4c00000, 0x00000000c4d00000, 0x00000000c4d00000|100%| E|CS|TAMS 0x00000000c4c00000, 0x00000000c4c00000| Complete 
|  59|0x00000000c4d00000, 0x00000000c4e00000, 0x00000000c4e00000|100%| E|CS|TAMS 0x00000000c4d00000, 0x00000000c4d00000| Complete 
|  60|0x00000000c4e00000, 0x00000000c4f00000, 0x00000000c4f00000|100%| E|CS|TAMS 0x00000000c4e00000, 0x00000000c4e00000| Complete 
|  61|0x00000000c4f00000, 0x00000000c5000000, 0x00000000c5000000|100%| E|CS|TAMS 0x00000000c4f00000, 0x00000000c4f00000| Complete 
|  62|0x00000000c5000000, 0x00000000c5100000, 0x00000000c5100000|100%| E|CS|TAMS 0x00000000c5000000, 0x00000000c5000000| Complete 
|  63|0x00000000c5100000, 0x00000000c5200000, 0x00000000c5200000|100%| E|CS|TAMS 0x00000000c5100000, 0x00000000c5100000| Complete 

Card table byte_map: [0x00000217326b0000,0x00000217328b0000] _byte_map_base: 0x00000217320a7000

Marking Bits (Prev, Next): (CMBitMap*) 0x000002171b1bcf68, (CMBitMap*) 0x000002171b1bcfa0
 Prev Bits: [0x0000021732ab0000, 0x0000021733a68000)
 Next Bits: [0x0000021733a70000, 0x0000021734a28000)

Polling page: 0x00000217190f0000

Metaspace:

Usage:
  Non-class:     13.04 MB capacity,    12.90 MB ( 99%) used,   114.81 KB ( <1%) free+waste,    21.25 KB ( <1%) overhead. 
      Class:      1.65 MB capacity,     1.58 MB ( 96%) used,    64.87 KB (  4%) free+waste,     9.69 KB ( <1%) overhead. 
       Both:     14.69 MB capacity,    14.48 MB ( 99%) used,   179.68 KB (  1%) free+waste,    30.94 KB ( <1%) overhead. 

Virtual space:
  Non-class space:       18.00 MB reserved,      13.25 MB ( 74%) committed 
      Class space:        1.00 GB reserved,       1.75 MB ( <1%) committed 
             Both:        1.02 GB reserved,      15.00 MB (  1%) committed 

Chunk freelists:
   Non-Class:  3.50 KB
       Class:  256 bytes
        Both:  3.75 KB

CodeHeap 'non-profiled nmethods': size=120064Kb used=314Kb max_used=314Kb free=119749Kb
 bounds [0x000002172af70000, 0x000002172b1e0000, 0x00000217324b0000]
CodeHeap 'profiled nmethods': size=120000Kb used=2079Kb max_used=2079Kb free=117920Kb
 bounds [0x0000021723a40000, 0x0000021723cb0000, 0x000002172af70000]
CodeHeap 'non-nmethods': size=5696Kb used=1095Kb max_used=1108Kb free=4600Kb
 bounds [0x00000217234b0000, 0x0000021723720000, 0x0000021723a40000]
 total_blobs=1697 nmethods=1071 adapters=315
 compilation: enabled
              stopped_count=0, restarted_count=0
 full_count=0

Compilation events (10 events):
Event: 2.776 Thread 0x0000021736f54800 1061       3       java.util.jar.JarFile::getManifest (5 bytes)
Event: 2.776 Thread 0x0000021736f54800 nmethod 1061 0x0000021723c3f790 code [0x0000021723c3f940, 0x0000021723c3fad0]
Event: 2.776 Thread 0x0000021736f54800 1060  s!   3       java.util.jar.JarFile::ensureInitialization (41 bytes)
Event: 2.776 Thread 0x0000021736f54800 nmethod 1060 0x0000021723c3fb90 code [0x0000021723c3fd80, 0x0000021723c40230]
Event: 2.776 Thread 0x0000021736f54800 1058       3       jdk.internal.loader.URLClassPath$JarLoader$2::getManifest (26 bytes)
Event: 2.777 Thread 0x0000021736f54800 nmethod 1058 0x0000021723c40390 code [0x0000021723c405a0, 0x0000021723c40ab0]
Event: 2.777 Thread 0x0000021736f54800 1062       3       jdk.internal.loader.URLClassPath$JarLoader$2::getInputStream (15 bytes)
Event: 2.777 Thread 0x0000021736f54800 nmethod 1062 0x0000021723c40d10 code [0x0000021723c40ee0, 0x0000021723c41110]
Event: 2.777 Thread 0x0000021736f54800 1063   !   3       java.util.jar.JarFile$JarFileEntry::getCodeSigners (81 bytes)
Event: 2.778 Thread 0x0000021736f54800 nmethod 1063 0x0000021723c41210 code [0x0000021723c41440, 0x0000021723c41a50]

GC Heap History (4 events):
Event: 0.670 GC heap before
{Heap before GC invocations=0 (full 0):
 garbage-first heap   total 65536K, used 14336K [0x00000000c1200000, 0x0000000100000000)
  region size 1024K, 14 young (14336K), 0 survivors (0K)
 Metaspace       used 6609K, capacity 6671K, committed 6784K, reserved 1056768K
  class space    used 583K, capacity 602K, committed 640K, reserved 1048576K
}
Event: 0.680 GC heap after
{Heap after GC invocations=1 (full 0):
 garbage-first heap   total 65536K, used 2919K [0x00000000c1200000, 0x0000000100000000)
  region size 1024K, 2 young (2048K), 2 survivors (2048K)
 Metaspace       used 6609K, capacity 6671K, committed 6784K, reserved 1056768K
  class space    used 583K, capacity 602K, committed 640K, reserved 1048576K
}
Event: 1.935 GC heap before
{Heap before GC invocations=1 (full 0):
 garbage-first heap   total 65536K, used 38759K [0x00000000c1200000, 0x0000000100000000)
  region size 1024K, 38 young (38912K), 2 survivors (2048K)
 Metaspace       used 12383K, capacity 12528K, committed 12672K, reserved 1060864K
  class space    used 1321K, capacity 1364K, committed 1408K, reserved 1048576K
}
Event: 1.947 GC heap after
{Heap after GC invocations=2 (full 0):
 garbage-first heap   total 65536K, used 4176K [0x00000000c1200000, 0x0000000100000000)
  region size 1024K, 4 young (4096K), 4 survivors (4096K)
 Metaspace       used 12383K, capacity 12528K, committed 12672K, reserved 1060864K
  class space    used 1321K, capacity 1364K, committed 1408K, reserved 1048576K
}

Deoptimization events (10 events):
Event: 0.636 Thread 0x000002171b190000 Uncommon trap: reason=unstable_if action=reinterpret pc=0x000002172af73090 method=java.lang.String.isLatin1()Z @ 10 c2
Event: 1.201 Thread 0x000002171b190000 Uncommon trap: reason=profile_predicate action=maybe_recompile pc=0x000002172af9a5fc method=java.lang.StringLatin1.indexOf([BI[BII)I @ 18 c2
Event: 1.201 Thread 0x000002171b190000 Uncommon trap: reason=profile_predicate action=maybe_recompile pc=0x000002172af9a5fc method=java.lang.StringLatin1.indexOf([BI[BII)I @ 18 c2
Event: 1.202 Thread 0x000002171b190000 Uncommon trap: reason=profile_predicate action=maybe_recompile pc=0x000002172af9a5fc method=java.lang.StringLatin1.indexOf([BI[BII)I @ 18 c2
Event: 1.202 Thread 0x000002171b190000 Uncommon trap: reason=profile_predicate action=maybe_recompile pc=0x000002172af9a5fc method=java.lang.StringLatin1.indexOf([BI[BII)I @ 18 c2
Event: 1.505 Thread 0x000002171b190000 Uncommon trap: reason=unstable_if action=reinterpret pc=0x000002172af9bd5c method=java.lang.StringLatin1.indexOf([BI[BII)I @ 91 c2
Event: 1.627 Thread 0x000002171b190000 Uncommon trap: reason=unstable_if action=reinterpret pc=0x000002172afac418 method=java.util.HashMap.getNode(ILjava/lang/Object;)Ljava/util/HashMap$Node; @ 62 c2
Event: 1.632 Thread 0x000002171b190000 Uncommon trap: reason=class_check action=maybe_recompile pc=0x000002172af7e00c method=java.util.HashMap.putVal(ILjava/lang/Object;Ljava/lang/Object;ZZ)Ljava/lang/Object; @ 253 c2
Event: 1.633 Thread 0x000002171b190000 Uncommon trap: reason=unstable_if action=reinterpret pc=0x000002172af7dffc method=java.util.HashMap.putVal(ILjava/lang/Object;Ljava/lang/Object;ZZ)Ljava/lang/Object; @ 181 c2
Event: 2.673 Thread 0x000002171b190000 Uncommon trap: reason=unstable_if action=reinterpret pc=0x000002172af93b80 method=java.io.WinNTFileSystem.isSlash(C)Z @ 9 c2

Classes redefined (0 events):
No events

Internal exceptions (10 events):
Event: 0.531 Thread 0x000002171b190000 Exception <a 'java/security/PrivilegedActionException'{0x00000000c4e1bae0}> (0x00000000c4e1bae0) thrown at [t:/workspace/open/src/hotspot/share/prims/jvm.cpp, line 1307]
Event: 0.532 Thread 0x000002171b190000 Exception <a 'java/security/PrivilegedActionException'{0x00000000c4e1c730}> (0x00000000c4e1c730) thrown at [t:/workspace/open/src/hotspot/share/prims/jvm.cpp, line 1307]
Event: 0.532 Thread 0x000002171b190000 Exception <a 'java/security/PrivilegedActionException'{0x00000000c4e1ca00}> (0x00000000c4e1ca00) thrown at [t:/workspace/open/src/hotspot/share/prims/jvm.cpp, line 1307]
Event: 0.532 Thread 0x000002171b190000 Exception <a 'java/security/PrivilegedActionException'{0x00000000c4e1d6a8}> (0x00000000c4e1d6a8) thrown at [t:/workspace/open/src/hotspot/share/prims/jvm.cpp, line 1307]
Event: 0.532 Thread 0x000002171b190000 Exception <a 'java/security/PrivilegedActionException'{0x00000000c4e1d978}> (0x00000000c4e1d978) thrown at [t:/workspace/open/src/hotspot/share/prims/jvm.cpp, line 1307]
Event: 2.535 Thread 0x000002171b190000 Exception <a 'java/lang/NoSuchMethodError'{0x00000000c4f3ecc0}: java.lang.invoke.DirectMethodHandle$Holder.invokeStatic(Ljava/lang/Object;Ljava/lang/Object;Ljava/lang/Object;Ljava/lang/Object;Ljava/lang/Object;Ljava/lang/Object;Ljava/lang/Object;Ljava/lan
Event: 2.540 Thread 0x000002171b190000 Exception <a 'java/lang/NoSuchMethodError'{0x00000000c4f4cbe0}: java.lang.invoke.DirectMethodHandle$Holder.invokeStatic(Ljava/lang/Object;Ljava/lang/Object;Ljava/lang/Object;Ljava/lang/Object;Ljava/lang/Object;Ljava/lang/Object;Ljava/lang/Object;Ljava/lan
Event: 2.558 Thread 0x000002171b190000 Exception <a 'java/lang/NoSuchMethodError'{0x00000000c4f5a848}: java.lang.invoke.DirectMethodHandle$Holder.invokeSpecial(Ljava/lang/Object;Ljava/lang/Object;IILjava/lang/Object;Ljava/lang/Object;Ljava/lang/Object;)Ljava/lang/Object;> (0x00000000c4f5a848) 
Event: 2.559 Thread 0x000002171b190000 Exception <a 'java/lang/NoSuchMethodError'{0x00000000c4f5ddd0}: java.lang.invoke.DelegatingMethodHandle$Holder.reinvoke_L(Ljava/lang/Object;IILjava/lang/Object;Ljava/lang/Object;Ljava/lang/Object;)Ljava/lang/Object;> (0x00000000c4f5ddd0) thrown at [t:/wor
Event: 2.560 Thread 0x000002171b190000 Exception <a 'java/lang/NoSuchMethodError'{0x00000000c4f62158}: java.lang.invoke.DirectMethodHandle$Holder.invokeStatic(Ljava/lang/Object;Ljava/lang/Object;Ljava/lang/Object;Ljava/lang/Object;I)Ljava/lang/Object;> (0x00000000c4f62158) thrown at [t:/worksp

Events (10 events):
Event: 2.791 loading class com/sun/xml/bind/v2/model/core/ArrayInfo
Event: 2.791 loading class com/sun/xml/bind/v2/model/core/ArrayInfo done
Event: 2.791 loading class com/sun/xml/bind/v2/runtime/Location
Event: 2.791 loading class com/sun/xml/bind/v2/runtime/Location done
Event: 2.792 loading class com/sun/xml/bind/v2/model/impl/RuntimeArrayInfoImpl
Event: 2.792 loading class com/sun/xml/bind/v2/model/impl/RuntimeArrayInfoImpl done
Event: 2.792 loading class com/sun/xml/bind/v2/model/runtime/RuntimeArrayInfo
Event: 2.792 loading class com/sun/xml/bind/v2/model/runtime/RuntimeArrayInfo done
Event: 2.793 loading class javax/xml/bind/annotation/XmlSchema
Event: 2.793 loading class javax/xml/bind/annotation/XmlSchema done


Dynamic libraries:
0x00007ff676c10000 - 0x00007ff676c57000 	C:\Program Files\Java\jdk-11.0.2\bin\java.exe
0x00007ffce9d50000 - 0x00007ffce9f31000 	C:\WINDOWS\SYSTEM32\ntdll.dll
0x00007ffce9070000 - 0x00007ffce9121000 	C:\WINDOWS\System32\KERNEL32.DLL
0x00007ffce62c0000 - 0x00007ffce6533000 	C:\WINDOWS\System32\KERNELBASE.dll
0x00007ffce9bc0000 - 0x00007ffce9c61000 	C:\WINDOWS\System32\ADVAPI32.dll
0x00007ffce9b20000 - 0x00007ffce9bbe000 	C:\WINDOWS\System32\msvcrt.dll
0x00007ffce9ac0000 - 0x00007ffce9b1b000 	C:\WINDOWS\System32\sechost.dll
0x00007ffce9150000 - 0x00007ffce9274000 	C:\WINDOWS\System32\RPCRT4.dll
0x00007ffce7510000 - 0x00007ffce76a0000 	C:\WINDOWS\System32\USER32.dll
0x00007ffce6670000 - 0x00007ffce6690000 	C:\WINDOWS\System32\win32u.dll
0x00007ffce9040000 - 0x00007ffce9068000 	C:\WINDOWS\System32\GDI32.dll
0x00007ffce6120000 - 0x00007ffce62b1000 	C:\WINDOWS\System32\gdi32full.dll
0x00007ffce6930000 - 0x00007ffce69cf000 	C:\WINDOWS\System32\msvcp_win.dll
0x00007ffce70e0000 - 0x00007ffce71d8000 	C:\WINDOWS\System32\ucrtbase.dll
0x00007ffcd7e50000 - 0x00007ffcd80b9000 	C:\WINDOWS\WinSxS\amd64_microsoft.windows.common-controls_6595b64144ccf1df_6.0.17134.885_none_fb42a3473065565f\COMCTL32.dll
0x00007ffce71e0000 - 0x00007ffce7502000 	C:\WINDOWS\System32\combase.dll
0x00007ffcd80d0000 - 0x00007ffcd80da000 	C:\WINDOWS\SYSTEM32\VERSION.dll
0x00007ffce6540000 - 0x00007ffce65b9000 	C:\WINDOWS\System32\bcryptPrimitives.dll
0x00007ffce9860000 - 0x00007ffce988d000 	C:\WINDOWS\System32\IMM32.DLL
0x00007ffce1350000 - 0x00007ffce1366000 	C:\Program Files\Java\jdk-11.0.2\bin\vcruntime140.dll
0x00007ffce12a0000 - 0x00007ffce134a000 	C:\Program Files\Java\jdk-11.0.2\bin\msvcp140.dll
0x00007ffcba660000 - 0x00007ffcbb187000 	C:\Program Files\Java\jdk-11.0.2\bin\server\jvm.dll
0x00007ffce76a0000 - 0x00007ffce76a8000 	C:\WINDOWS\System32\PSAPI.DLL
0x00007ffce18f0000 - 0x00007ffce18f9000 	C:\WINDOWS\SYSTEM32\WSOCK32.dll
0x00007ffce05b0000 - 0x00007ffce05d3000 	C:\WINDOWS\SYSTEM32\WINMM.dll
0x00007ffce9570000 - 0x00007ffce95dc000 	C:\WINDOWS\System32\WS2_32.dll
0x00007ffce0500000 - 0x00007ffce052a000 	C:\WINDOWS\SYSTEM32\WINMMBASE.dll
0x00007ffce6620000 - 0x00007ffce6669000 	C:\WINDOWS\System32\cfgmgr32.dll
0x00007ffce6090000 - 0x00007ffce60a1000 	C:\WINDOWS\System32\kernel.appcore.dll
0x00007ffce1280000 - 0x00007ffce1291000 	C:\Program Files\Java\jdk-11.0.2\bin\verify.dll
0x00007ffce16a0000 - 0x00007ffce1869000 	C:\WINDOWS\SYSTEM32\DBGHELP.DLL
0x00007ffcd61a0000 - 0x00007ffcd61c9000 	C:\WINDOWS\SYSTEM32\dbgcore.DLL
0x00007ffce1250000 - 0x00007ffce1279000 	C:\Program Files\Java\jdk-11.0.2\bin\java.dll
0x00007ffce1200000 - 0x00007ffce122f000 	C:\Program Files\Java\jdk-11.0.2\bin\instrument.dll
0x00007ffce1230000 - 0x00007ffce1246000 	C:\Program Files\Java\jdk-11.0.2\bin\zip.dll
0x00007ffce2f20000 - 0x00007ffce2f2a000 	C:\Program Files\Java\jdk-11.0.2\bin\jimage.dll
0x00007ffce77a0000 - 0x00007ffce8be0000 	C:\WINDOWS\System32\SHELL32.dll
0x00007ffce9c70000 - 0x00007ffce9d19000 	C:\WINDOWS\System32\shcore.dll
0x00007ffce69d0000 - 0x00007ffce70dd000 	C:\WINDOWS\System32\windows.storage.dll
0x00007ffce9370000 - 0x00007ffce93c1000 	C:\WINDOWS\System32\shlwapi.dll
0x00007ffce60b0000 - 0x00007ffce60cf000 	C:\WINDOWS\System32\profapi.dll
0x00007ffce60d0000 - 0x00007ffce611c000 	C:\WINDOWS\System32\powrprof.dll
0x00007ffce6080000 - 0x00007ffce608a000 	C:\WINDOWS\System32\FLTLIB.DLL
0x00007ffce1140000 - 0x00007ffce1159000 	C:\Program Files\Java\jdk-11.0.2\bin\net.dll
0x00007ffce2430000 - 0x00007ffce250d000 	C:\WINDOWS\SYSTEM32\WINHTTP.dll
0x00007ffcda430000 - 0x00007ffcda5f9000 	C:\WINDOWS\SYSTEM32\urlmon.dll
0x00007ffcda8f0000 - 0x00007ffcdab96000 	C:\WINDOWS\SYSTEM32\iertutil.dll
0x00007ffce5ab0000 - 0x00007ffce5abb000 	C:\WINDOWS\SYSTEM32\CRYPTBASE.DLL
0x00007ffce58e0000 - 0x00007ffce5946000 	C:\WINDOWS\system32\mswsock.dll
0x00007ffce0dc0000 - 0x00007ffce0dd3000 	C:\Program Files\Java\jdk-11.0.2\bin\nio.dll
0x00007ffce0da0000 - 0x00007ffce0dba000 	D:\New folder\IntelliJ IDEA Community Edition 2018.3.5\bin\breakgen64.dll

dbghelp: loaded successfully - version: 4.0.5 - missing functions: none
symbol engine: initialized successfully - sym options: 0x614 - pdb path: .;C:\Program Files\Java\jdk-11.0.2\bin;C:\WINDOWS\SYSTEM32;C:\WINDOWS\WinSxS\amd64_microsoft.windows.common-controls_6595b64144ccf1df_6.0.17134.885_none_fb42a3473065565f;C:\Program Files\Java\jdk-11.0.2\bin\server;D:\New folder\IntelliJ IDEA Community Edition 2018.3.5\bin

VM Arguments:
jvm_args: -javaagent:D:\New folder\IntelliJ IDEA Community Edition 2018.3.5\lib\idea_rt.jar=50075:D:\New folder\IntelliJ IDEA Community Edition 2018.3.5\bin -Dfile.encoding=UTF-8 
java_command: Home
java_class_path (initial): D:\SDA Cursuri\PROIECTE\exampleHibernate\target\classes;C:\Users\HP\.m2\repository\mysql\mysql-connector-java\8.0.15\mysql-connector-java-8.0.15.jar;C:\Users\HP\.m2\repository\com\google\protobuf\protobuf-java\3.6.1\protobuf-java-3.6.1.jar;C:\Users\HP\.m2\repository\org\hibernate\hibernate-core\5.4.1.Final\hibernate-core-5.4.1.Final.jar;C:\Users\HP\.m2\repository\org\jboss\logging\jboss-logging\3.3.2.Final\jboss-logging-3.3.2.Final.jar;C:\Users\HP\.m2\repository\javax\persistence\javax.persistence-api\2.2\javax.persistence-api-2.2.jar;C:\Users\HP\.m2\repository\org\javassist\javassist\3.24.0-GA\javassist-3.24.0-GA.jar;C:\Users\HP\.m2\repository\net\bytebuddy\byte-buddy\1.9.5\byte-buddy-1.9.5.jar;C:\Users\HP\.m2\repository\antlr\antlr\2.7.7\antlr-2.7.7.jar;C:\Users\HP\.m2\repository\org\jboss\spec\javax\transaction\jboss-transaction-api_1.2_spec\1.1.1.Final\jboss-transaction-api_1.2_spec-1.1.1.Final.jar;C:\Users\HP\.m2\repository\org\jboss\jandex\2.0.5.Final\jandex-2.0.5.Final.jar;C:\Users\HP\.m2\repository\com\fasterxml\classmate\1.3.4\classmate-1.3.4.jar;C:\Users\HP\.m2\repository\javax\activation\javax.activation-api\1.2.0\javax.activation-api-1.2.0.jar;C:\Users\HP\.m2\repository\org\dom4j\dom4j\2.1.1\dom4j-2.1.1.jar;C:\Users\HP\.m2\repository\org\hibernate\common\hibernate-commons-annotations\5.1.0.Final\hibernate-commons-annotations-5.1.0.Final.jar;C:\Users\HP\.m2\repository\javax\xml\bind\jaxb-api\2.3.1\jaxb-api-2.3.1.jar;C:\Users\HP\.m2\repository\org\glassfish\jaxb\jaxb-runtime\2.3.1\jaxb-runtime-2.3.1.jar;C:\Users\HP\.m2\repository\org\glassfish\jaxb\txw2\2.3.1\txw2-2.3.1.jar;C:\Users\HP\.m2\repository\com\sun\istack\istack-commons-runtime\3.0.7\istack-commons-runtime-3.0.7.jar;C:\Users\HP\.m2\repository\org\jvnet\staxex\stax-ex\1.8\stax-ex-1.8.jar;C:\Users\HP\.m2\repository\com\sun\xml\fastinfoset\FastInfoset\1.2.15\FastInfoset-1.2.15.jar
Launcher Type: SUN_STANDARD

[Global flags]
     intx CICompilerCount                          = 3                                         {product} {ergonomic}
     uint ConcGCThreads                            = 1                                         {product} {ergonomic}
     uint G1ConcRefinementThreads                  = 4                                         {product} {ergonomic}
   size_t G1HeapRegionSize                         = 1048576                                   {product} {ergonomic}
    uintx GCDrainStackTargetSize                   = 64                                        {product} {ergonomic}
   size_t InitialHeapSize                          = 67108864                                  {product} {ergonomic}
   size_t MarkStackSize                            = 4194304                                   {product} {ergonomic}
   size_t MaxHeapSize                              = 1054867456                                {product} {ergonomic}
   size_t MaxNewSize                               = 632291328                                 {product} {ergonomic}
   size_t MinHeapDeltaBytes                        = 1048576                                   {product} {ergonomic}
    uintx NonNMethodCodeHeapSize                   = 5830092                                {pd product} {ergonomic}
    uintx NonProfiledCodeHeapSize                  = 122914074                              {pd product} {ergonomic}
    uintx ProfiledCodeHeapSize                     = 122914074                              {pd product} {ergonomic}
    uintx ReservedCodeCacheSize                    = 251658240                              {pd product} {ergonomic}
     bool SegmentedCodeCache                       = true                                      {product} {ergonomic}
     bool UseCompressedClassPointers               = true                                 {lp64_product} {ergonomic}
     bool UseCompressedOops                        = true                                 {lp64_product} {ergonomic}
     bool UseG1GC                                  = true                                      {product} {ergonomic}
     bool UseLargePagesIndividualAllocation        = false                                  {pd product} {ergonomic}

Logging:
Log output configuration:
 #0: stdout all=warning uptime,level,tags
 #1: stderr all=off uptime,level,tags

Environment Variables:
PATH=C:\ProgramData\Oracle\Java\javapath;C:\Program Files (x86)\Intel\iCLS Client\;C:\Program Files\Intel\iCLS Client\;C:\Program Files\Broadcom\Broadcom 802.11;C:\WINDOWS\system32;C:\WINDOWS;C:\WINDOWS\System32\Wbem;C:\WINDOWS\System32\WindowsPowerShell\v1.0\;C:\Program Files (x86)\ATI Technologies\ATI.ACE\Core-Static;C:\Program Files (x86)\Intel\Intel(R) Management Engine Components\DAL;C:\Program Files\Intel\Intel(R) Management Engine Components\DAL;C:\Program Files (x86)\Intel\Intel(R) Management Engine Components\IPT;C:\Program Files\Intel\Intel(R) Management Engine Components\IPT;C:\Program Files (x86)\Microsoft SQL Server\Client SDK\ODBC\130\Tools\Binn\;C:\Program Files (x86)\Microsoft SQL Server\130\Tools\Binn\;C:\Program Files (x86)\Microsoft SQL Server\130\DTS\Binn\;C:\Program Files (x86)\Microsoft SQL Server\130\Tools\Binn\ManagementStudio\;C:\Program Files\Microsoft\Web Platform Installer\;C:\Program Files (x86)\Windows Kits\10\Windows Performance Toolkit\;C:\Program Files\dotnet\;C:\Program Files (x86)\Skype\Phone\;C:\WINDOWS\System32\OpenSSH\;C:\Program Files\Git\cmd;C:\Program Files\MySQL\MySQL Shell 8.0\bin\
USERNAME=HP
OS=Windows_NT
PROCESSOR_IDENTIFIER=Intel64 Family 6 Model 69 Stepping 1, GenuineIntel



---------------  S Y S T E M  ---------------

OS: Windows 10 , 64 bit Build 17134 (10.0.17134.753)

CPU:total 4 (initial active 4) (2 cores per cpu, 2 threads per core) family 6 model 69 stepping 1, cmov, cx8, fxsr, mmx, sse, sse2, sse3, ssse3, sse4.1, sse4.2, popcnt, avx, avx2, aes, clmul, erms, lzcnt, ht, tsc, tscinvbit, bmi1, bmi2, fma

Memory: 4k page, system-wide physical 4022M (523M free)
TotalPageFile size 4022M (AvailPageFile size 4M)
current process WorkingSet (physical memory assigned to process): 92M, peak: 92M
current process commit charge ("private bytes"): 149M, peak: 149M

vm_info: Java HotSpot(TM) 64-Bit Server VM (11.0.2+9-LTS) for windows-amd64 JRE (11.0.2+9-LTS), built on Jan 18 2019 05:24:10 by "mach5one" with MS VC++ 15.5 (VS2017)

END.
